<?xml version="1.0" encoding="UTF-8"?>
<testsuites>
  <testsuite name="TestResults" errors="0" tests="94" failures="0" skipped="0" time="9.111771">
    <testcase classname="AwaitlessKitTests.IsolatedSafeEnhancedTests" name="customQueueNameWithStrategy()" time="2.816601917" />
    <testcase classname="AwaitlessKitTests.IsolatedSafeEnhancedTests" name="serialStrategy()" time="2.81666025" />
    <testcase classname="AwaitlessKitTests.AwaitlessConfigAPITests" name="configDefaults()" time="2.857148584" />
    <testcase classname="AwaitlessKitTests.AwaitlessConfigAPITests" name="partialConfigDefaults()" time="2.857149291" />
    <testcase classname="AwaitlessKitTests.AwaitlessConfigTests" name="multipleParametersConfigMacro()" time="2.855635083" />
    <testcase classname="AwaitlessKitTests.AwaitlessConfigTests" name="deliveryParameterConfigMacro()" time="2.855297875" />
    <testcase classname="AwaitlessKitTests.AwaitlessConfigTests" name="emptyParametersConfigMacro()" time="2.855491791" />
    <testcase classname="AwaitlessKitTests.AwaitlessConfigTests" name="basicConfigMacro()" time="2.855401083" />
    <testcase classname="AwaitlessKitTests.AwaitlessConfigTests" name="allParametersConfigMacro()" time="2.855322292" />
    <testcase classname="AwaitlessKitTests.AwaitlessCompletionTests" name="completionWithPrefix()" time="2.85603" />
    <testcase classname="AwaitlessKitTests.AwaitlessCompletionTests" name="completionNonThrowing()" time="1.784955" />
    <testcase classname="AwaitlessKitTests.AwaitlessCompletionTests" name="completionVoid()" time="2.855144875" />
    <testcase classname="AwaitlessKitTests.AwaitlessCompletionTests" name="completionThrowing()" time="2.815949416" />
    <testcase classname="AwaitlessKitTests.AwaitlessCombineTests" name="publisherOutput()" time="2.816263333" />
    <testcase classname="AwaitlessKitTests.AwaitlessCombineTests" name="publisherOutputNonThrowing()" time="2.855965834" />
    <testcase classname="AwaitlessKitTests.AwaitlessCombineTests" name="publisherDeliveryOnMain()" time="2.856462583" />
    <testcase classname="AwaitlessKitTests.AwaitlessCombineTests" name="publisherWithPrefix()" time="2.856321292" />
    <testcase classname="AwaitlessKitTests.AwaitlessConfigurationHierarchyTests" name="typeLevelConfigurationGenerates()" time="2.856034208" />
    <testcase classname="AwaitlessKitTests.AwaitlessConfigurationHierarchyTests" name="methodLevelPrefixWorks()" time="2.816245916" />
    <testcase classname="AwaitlessKitTests.AwaitlessAttachedTests" name="deprecatedNoMessage()" time="2.816737333" />
    <testcase classname="AwaitlessKitTests.AwaitlessAttachedTests" name="withParams()" time="2.81667425" />
    <testcase classname="AwaitlessKitTests.AwaitlessAttachedTests" name="customMessage()" time="2.81648525" />
    <testcase classname="AwaitlessKitTests.AwaitlessAttachedTests" name="instanceMethodWithDeprecation()" time="2.816179625" />
    <testcase classname="AwaitlessKitTests.AwaitlessAttachedTests" name="basic()" time="2.81626275" />
    <testcase classname="AwaitlessKitTests.AwaitlessAttachedTests" name="emptyPrefix()" time="2.816562041" />
    <testcase classname="AwaitlessKitTests.AwaitlessAttachedTests" name="instanceMethodWithPrefix()" time="2.816248833" />
    <testcase classname="AwaitlessKitTests.AwaitlessAttachedTests" name="deprecated()" time="2.816268708" />
    <testcase classname="AwaitlessKitTests.AwaitlessAttachedTests" name="customPrefix()" time="2.81628225" />
    <testcase classname="AwaitlessKitTests.AwaitlessAttachedTests" name="unavailableCustomMessage()" time="2.816310375" />
    <testcase classname="AwaitlessKitTests.AwaitlessAttachedTests" name="instanceMethod()" time="2.856509167" />
    <testcase classname="AwaitlessKitTests.AwaitlessFreestandingTests" name="trailingClosure()" time="2.816121041" />
    <testcase classname="AwaitlessKitTests.AwaitlessFreestandingTests" name="nestedFunctionCalls()" time="2.816111458" />
    <testcase classname="AwaitlessKitTests.AwaitlessFreestandingTests" name="basic()" time="2.849809875" />
    <testcase classname="AwaitlessKitTests.AwaitlessFreestandingTests" name="mixedLabeledUnlabeled()" time="2.855729792" />
    <testcase classname="AwaitlessKitTests.AwaitlessFreestandingTests" name="mixedParameterAttributes()" time="2.855621708" />
    <testcase classname="AwaitlessKitTests.AwaitlessFreestandingTests" name="forceUnwrapping()" time="2.816075083" />
    <testcase classname="AwaitlessKitTests.AwaitlessFreestandingTests" name="multipleUnlabeledParameters()" time="2.855645875" />
    <testcase classname="AwaitlessKitTests.AwaitlessFreestandingTests" name="complexArgumentVariants()" time="2.815946167" />
    <testcase classname="AwaitlessKitTests.AwaitlessFreestandingTests" name="inoutParameters()" time="2.854389833" />
    <testcase classname="AwaitlessKitTests.AwaitlessFreestandingTests" name="asyncVoidReturn()" time="2.815962" />
    <testcase classname="AwaitlessKitTests.AwaitlessFreestandingTests" name="asyncPropertyAccessor()" time="2.816036167" />
    <testcase classname="AwaitlessKitTests.AwaitlessFreestandingTests" name="escapingClosureParameters()" time="2.816037958" />
    <testcase classname="AwaitlessKitTests.AwaitlessFreestandingTests" name="optionalChaining()" time="2.855611875" />
    <testcase classname="AwaitlessKitTests.AwaitlessFreestandingTests" name="withTry()" time="2.855406625" />
    <testcase classname="AwaitlessKitTests.AwaitlessFreestandingTests" name="chainedMethodCalls()" time="2.85515625" />
    <testcase classname="AwaitlessKitTests.AwaitlessFreestandingTests" name="genericParameters()" time="2.816036084" />
    <testcase classname="AwaitlessKitTests.AwaitlessFreestandingTests" name="closureParameters()" time="2.855567708" />
    <testcase classname="AwaitlessKitTests.AwaitlessFreestandingTests" name="unlabeledFirstParameter()" time="2.816060875" />
    <testcase classname="AwaitlessKitTests.AwaitlessFreestandingTests" name="staticAsyncMethod()" time="2.816036875" />
    <testcase classname="AwaitlessKitTests.AwaitlessFreestandingTests" name="asyncInitializer()" time="2.855187542" />
    <testcase classname="AwaitlessKitTests.AwaitlessFreestandingTests" name="defaultParameters()" time="2.816024708" />
    <testcase classname="AwaitlessKitTests.AwaitlessFreestandingTests" name="asyncSubscript()" time="2.855160584" />
    <testcase classname="AwaitlessKitTests.AwaitlessFreestandingTests" name="autoclosureParameters()" time="2.855146375" />
    <testcase classname="AwaitlessKitTests.AwaitlessFreestandingTests" name="methodCall()" time="2.85512775" />
    <testcase classname="AwaitlessKitTests.AwaitlessFreestandingTests" name="optionalParameters()" time="2.855098" />
    <testcase classname="AwaitlessKitTests.AwaitlessFreestandingTests" name="internalParameterNames()" time="2.855149666" />
    <testcase classname="AwaitlessKitTests.AwaitlessFreestandingTests" name="complexGenericConstraints()" time="2.816193834" />
    <testcase classname="AwaitlessKitTests.AwaitlessFreestandingTests" name="multipleTrailingClosures()" time="2.855074875" />
    <testcase classname="AwaitlessKitTests.AwaitlessableTests" name="protocolWithExtensionGenerationEnabled()" time="2.855411541" />
    <testcase classname="AwaitlessKitTests.AwaitlessableTests" name="protocolWithAsyncMethods()" time="2.855346958" />
    <testcase classname="AwaitlessKitTests.AwaitlessableTests" name="protocolWithExtensionGenerationDisabled()" time="2.855523416" />
    <testcase classname="AwaitlessKitTests.AwaitlessableTests" name="protocolWithMixedMethods()" time="2.855477083" />
    <testcase classname="AwaitlessKitTests.AwaitlessArgumentVariantsTests" name="optionalParameters()" time="3.103572459" />
    <testcase classname="AwaitlessKitTests.AwaitlessArgumentVariantsTests" name="mixedParameterAttributes()" time="3.054962167" />
    <testcase classname="AwaitlessKitTests.AwaitlessArgumentVariantsTests" name="complexGenericConstraints()" time="3.1200755" />
    <testcase classname="AwaitlessKitTests.AwaitlessArgumentVariantsTests" name="escapingClosureParameters()" time="2.951347833" />
    <testcase classname="AwaitlessKitTests.AwaitlessArgumentVariantsTests" name="internalParameterNames()" time="2.840418084" />
    <testcase classname="AwaitlessKitTests.AwaitlessArgumentVariantsTests" name="inoutParameters()" time="3.107276792" />
    <testcase classname="AwaitlessKitTests.AwaitlessArgumentVariantsTests" name="complexArgumentVariants()" time="3.204665959" />
    <testcase classname="AwaitlessKitTests.AwaitlessArgumentVariantsTests" name="unlabeledFirstParameter()" time="2.849803875" />
    <testcase classname="AwaitlessKitTests.AwaitlessArgumentVariantsTests" name="closureParameters()" time="2.854270542" />
    <testcase classname="AwaitlessKitTests.AwaitlessArgumentVariantsTests" name="mixedLabeledUnlabeled()" time="2.840612" />
    <testcase classname="AwaitlessKitTests.AwaitlessArgumentVariantsTests" name="defaultParameters()" time="2.848363292" />
    <testcase classname="AwaitlessKitTests.AwaitlessArgumentVariantsTests" name="genericParameters()" time="2.840561291" />
    <testcase classname="AwaitlessKitTests.AwaitlessArgumentVariantsTests" name="autoclosureParameters()" time="2.939837291" />
    <testcase classname="AwaitlessKitTests.AwaitlessArgumentVariantsTests" name="multipleUnlabeledParameters()" time="2.841048167" />
    <testcase classname="AwaitlessKitTests.IsolatedSafeTests" name="withQueue()" time="2.855669375" />
    <testcase classname="AwaitlessKitTests.IsolatedSafeTests" name="writable()" time="2.855580084" />
    <testcase classname="AwaitlessKitTests.IsolatedSafeTests" name="accessLevel()" time="2.855447417" />
    <testcase classname="AwaitlessKitTests.IsolatedSafeTests" name="basic()" time="2.855520959" />
    <testcase classname="AwaitlessKitTests.AwaitlessNoasyncRunTests" name="multipleTasksSequentialOutput()" time="9.108262833" />
    <testcase classname="AwaitlessKitTests.AwaitlessNoasyncRunTests" name="differentReturnTypes()" time="2.855156458" />
    <testcase classname="AwaitlessKitTests.AwaitlessNoasyncRunTests" name="timeoutFailure()" time="2.855341875" />
    <testcase classname="AwaitlessKitTests.AwaitlessNoasyncRunTests" name="timeoutVoidReturn()" time="2.855007" />
    <testcase classname="AwaitlessKitTests.AwaitlessNoasyncRunTests" name="multipleTimeoutOperations()" time="3.222545667" />
    <testcase classname="AwaitlessKitTests.AwaitlessNoasyncRunTests" name="timeoutSuccess()" time="2.855013333" />
    <testcase classname="AwaitlessKitTests.AwaitlessNoasyncRunTests" name="timeoutErrorPropagation()" time="2.8550355" />
    <testcase classname="AwaitlessKitTests.AwaitlessNoasyncRunTests" name="errorPropagation()" time="2.855093458" />
    <testcase classname="AwaitlessKitTests.AwaitlessNoasyncRunTests" name="basicExecution()" time="2.855144875" />
    <testcase classname="AwaitlessKitTests.AwaitlessNoasyncRunTests" name="nestedErrors()" time="2.855041541" />
    <testcase classname="AwaitlessKitTests.AwaitlessNoasyncRunTests" name="timeoutDisabled()" time="2.854995625" />
    <testcase classname="AwaitlessKitTests.AwaitlessNoasyncRunTests" name="veryShortTimeout()" time="2.855172125" />
    <testcase classname="AwaitlessKitTests.AwaitlessNoasyncRunTests" name="voidReturn()" time="2.855168125" />
    <testcase classname="AwaitlessKitTests.AwaitlessNoasyncRunTests" name="differentReturnTypesWithTimeout()" time="2.855110875" />
  </testsuite>
</testsuites>
